Unity Editor version:    2020.3.30f1 (1fb1bf06830e)
Branch:                  2020.3/staging
Build type:              Release
Batch mode:              YES
macOS version:           Version 12.0.1 (Build 21A559)
Darwin version:          21.1.0
Architecture:            x86_64
Running under Rosetta:   YES
Available memory:        16384 MB
Using pre-set license
Pro License: NO

COMMAND LINE ARGUMENTS:
/Applications/Unity/Unity.app/Contents/MacOS/Unity
-adb2
-batchMode
-noUpm
-name
AssetImportWorker0
-projectPath
/Users/jeongminwoo/Desktop/Projects/unity/Test_StencilShader
-logFile
Logs/AssetImportWorker0.log
-srvPort
55721
Successfully changed project path to: /Users/jeongminwoo/Desktop/Projects/unity/Test_StencilShader
/Users/jeongminwoo/Desktop/Projects/unity/Test_StencilShader
Using Asset Import Pipeline V2.
Refreshing native plugins compatible for Editor in 26.49 ms, found 2 plugins.
Preloading 0 native plugins for Editor in 0.00 ms.
Initialize engine version: 2020.3.30f1 (1fb1bf06830e)
[Subsystems] Discovering subsystems at path /Applications/Unity/Unity.app/Contents/Resources/UnitySubsystems
[Subsystems] Discovering subsystems at path /Users/jeongminwoo/Desktop/Projects/unity/Test_StencilShader/Assets
GfxDevice: creating device client; threaded=0
2022-06-12 11:41:14.945 Unity[32990:2029926] (null) preferred device: Apple M1 (high power)
2022-06-12 11:41:14.945 Unity[32990:2029926] Metal devices available: 1
2022-06-12 11:41:14.945 Unity[32990:2029926] 0: Apple M1 (high power)
2022-06-12 11:41:14.946 Unity[32990:2029926] Using device Apple M1 (high power)
Initializing Metal device caps: Apple M1
Initialize mono
Mono path[0] = '/Applications/Unity/Unity.app/Contents/Managed'
Mono path[1] = '/Applications/Unity/Unity.app/Contents/MonoBleedingEdge/lib/mono/unityjit'
Mono config path = '/Applications/Unity/Unity.app/Contents/MonoBleedingEdge/etc'
Using monoOptions --debugger-agent=transport=dt_socket,embedding=1,server=y,suspend=n,address=127.0.0.1:56990
Begin MonoManager ReloadAssembly
Registering precompiled unity dll's ...
Register platform support module: /Applications/Unity/Unity.app/Contents/PlaybackEngines/MacStandaloneSupport/UnityEditor.OSXStandalone.Extensions.dll
Register platform support module: /Applications/Unity/PlaybackEngines/WindowsStandaloneSupport/UnityEditor.WindowsStandalone.Extensions.dll
Registered in 0.000429 seconds.
Native extension for WindowsStandalone target not found
Native extension for OSXStandalone target not found
Refreshing native plugins compatible for Editor in 27.70 ms, found 2 plugins.
Preloading 0 native plugins for Editor in 0.00 ms.
Mono: successfully reloaded assembly
- Completed reload, in  1.115 seconds
Domain Reload Profiling:
	ReloadAssembly (1115ms)
		BeginReloadAssembly (88ms)
			ExecutionOrderSort (0ms)
			DisableScriptedObjects (0ms)
			BackupInstance (0ms)
			ReleaseScriptingObjects (0ms)
			CreateAndSetChildDomain (2ms)
		EndReloadAssembly (925ms)
			LoadAssemblies (88ms)
			RebuildTransferFunctionScriptingTraits (0ms)
			SetupTypeCache (160ms)
			ReleaseScriptCaches (0ms)
			RebuildScriptCaches (37ms)
			SetupLoadedEditorAssemblies (472ms)
				LogAssemblyErrors (0ms)
				InitializePlatformSupportModulesInManaged (11ms)
				SetLoadedEditorAssemblies (0ms)
				RefreshPlugins (28ms)
				BeforeProcessingInitializeOnLoad (70ms)
				ProcessInitializeOnLoadAttributes (268ms)
				ProcessInitializeOnLoadMethodAttributes (93ms)
				AfterProcessingInitializeOnLoad (0ms)
				EditorAssembliesLoaded (1ms)
			ExecutionOrderSort2 (0ms)
			AwakeInstancesAfterBackupRestoration (0ms)
Platform modules already initialized, skipping
Registering precompiled user dll's ...
Registered in 0.000712 seconds.
Begin MonoManager ReloadAssembly
Native extension for WindowsStandalone target not found
Native extension for OSXStandalone target not found
Refreshing native plugins compatible for Editor in 0.29 ms, found 2 plugins.
Preloading 0 native plugins for Editor in 0.00 ms.
Mono: successfully reloaded assembly
- Completed reload, in  1.899 seconds
Domain Reload Profiling:
	ReloadAssembly (1900ms)
		BeginReloadAssembly (232ms)
			ExecutionOrderSort (0ms)
			DisableScriptedObjects (30ms)
			BackupInstance (0ms)
			ReleaseScriptingObjects (0ms)
			CreateAndSetChildDomain (29ms)
		EndReloadAssembly (1588ms)
			LoadAssemblies (168ms)
			RebuildTransferFunctionScriptingTraits (0ms)
			SetupTypeCache (278ms)
			ReleaseScriptCaches (0ms)
			RebuildScriptCaches (46ms)
			SetupLoadedEditorAssemblies (873ms)
				LogAssemblyErrors (0ms)
				InitializePlatformSupportModulesInManaged (15ms)
				SetLoadedEditorAssemblies (1ms)
				RefreshPlugins (0ms)
				BeforeProcessingInitializeOnLoad (180ms)
				ProcessInitializeOnLoadAttributes (651ms)
				ProcessInitializeOnLoadMethodAttributes (25ms)
				AfterProcessingInitializeOnLoad (1ms)
				EditorAssembliesLoaded (0ms)
			ExecutionOrderSort2 (0ms)
			AwakeInstancesAfterBackupRestoration (27ms)
Platform modules already initialized, skipping
Validating Project structure ... 0.000082 seconds.
Shader import version has changed; will reimport all shaders...
Upgrading shader files ...0.000151 seconds.
Application.AssetDatabase Initial Script Refresh Start
RefreshInfo: InitialScriptRefreshV2(NoUpdateAssetOptions) scanfilter:  ... 1 filters
RefreshProfiler: Total: 0.000ms
Application.AssetDatabase Initial Script Refresh End
Application.AssetDatabase.Refresh Start
Application.AssetDatabase.Refresh End
RefreshInfo: StopAssetImportingV2(ForceSynchronousImport) scanfilter: 
RefreshProfiler: Total: 0.000ms
Launching external process: /Applications/Unity/Unity.app/Contents/Tools/UnityShaderCompiler
Launched and connected shader compiler UnityShaderCompiler after 0.02 seconds
Initializing Unity extensions:
2022-06-12 11:41:18.572 Unity[32990:2029926] NSEventModifierFlagFunction specified to -setKeyEquivalentModifierMask: for item <NSMenuItem: 0x600001b59650 Font Asset, ke='Command-F12'>, but is only supported for system-provided menu items; will not be used
2022-06-12 11:41:18.575 Unity[32990:2029926] NSEventModifierFlagFunction specified to -setKeyEquivalentModifierMask: for item <NSMenuItem: 0x600001b48d90 Font Asset, ke='Command-F12'>, but is only supported for system-provided menu items; will not be used
========================================================================
Worker process is ready to serve import requests
Refreshing native plugins compatible for Editor in 0.16 ms, found 2 plugins.
Preloading 0 native plugins for Editor in 0.00 ms.
Unloading 1503 Unused Serialized files (Serialized files now loaded: 0)
System memory in use before: 209.0 MB.
System memory in use after: 208.1 MB.

Unloading 77 unused Assets to reduce memory usage. Loaded Objects now: 1977.
Total: 2.268750 ms (FindLiveObjects: 0.067584 ms CreateObjectMapping: 0.028208 ms MarkObjects: 1.795916 ms  DeleteObjects: 0.376208 ms)

AssetImportParameters requested are different than current active one (requested -> active):
  custom:video-decoder-ogg-theora: a1e56fd34408186e4bbccfd4996cb3dc -> 
  custom:container-muxer-webm: aa71ff27fc2769a1b78a27578f13a17b -> 
  custom:container-demuxer-webm: 4f35f7cbe854078d1ac9338744f61a02 -> 
  custom:container-demuxer-ogg: 62fdf1f143b41e24485cea50d1cbac27 -> 
  custom:video-encoder-webm-vp8: eb34c28f22e8b96e1ab97ce403110664 -> 
  custom:framework-osx-AVFoundation: e770b220cccbd017edd2c1fefb359320 -> 
  custom:video-decoder-webm-vp8: 9c59270c3fd7afecdb556c50c9e8de78 -> 
  custom:audio-decoder-ogg-vorbis: bf7c407c2cedff20999df2af8eb42d56 -> 
  custom:audio-encoder-webm-vorbis: bf7c407c2cedff20999df2af8eb42d56 -> 
========================================================================
Received Import Request.
  path: Assets/Scenes/SampleScene.unity
  artifactKey: Guid(9fc0d4010bbf28b4594072e72b8655ab) Importer(815301076,1909f56bfc062723c751e8b465ee728b)
Start importing Assets/Scenes/SampleScene.unity using Guid(9fc0d4010bbf28b4594072e72b8655ab) Importer(815301076,1909f56bfc062723c751e8b465ee728b)  -> (artifact id: '85059f4f9e1a832ed95adaa0d25c5c4c') in 0.016628 seconds 
========================================================================
Received Import Request.
  Time since last request: 5.416661 seconds.
  path: Assets/Scenes/Test_StencilShader.unity
  artifactKey: Guid(9fc0d4010bbf28b4594072e72b8655ab) Importer(815301076,1909f56bfc062723c751e8b465ee728b)
Start importing Assets/Scenes/Test_StencilShader.unity using Guid(9fc0d4010bbf28b4594072e72b8655ab) Importer(815301076,1909f56bfc062723c751e8b465ee728b)  -> (artifact id: 'ff212ce749ae49754f1fa1b0a55503f9') in 0.001312 seconds 
========================================================================
Received Import Request.
  Time since last request: 276.289382 seconds.
  path: Assets/TestShader.shader
  artifactKey: Guid(e13d75aac00d64da89903b7951adbcd8) Importer(815301076,1909f56bfc062723c751e8b465ee728b)
Start importing Assets/TestShader.shader using Guid(e13d75aac00d64da89903b7951adbcd8) Importer(815301076,1909f56bfc062723c751e8b465ee728b)  -> (artifact id: '95d79e7511ad0bcaae325d99b111b2e3') in 0.072482 seconds 
========================================================================
Received Import Request.
  Time since last request: 56.002797 seconds.
  path: Assets
  artifactKey: Guid(00000000000000001000000000000000) Importer(815301076,1909f56bfc062723c751e8b465ee728b)
Start importing Assets using Guid(00000000000000001000000000000000) Importer(815301076,1909f56bfc062723c751e8b465ee728b)  -> (artifact id: '42d402b061de3733987d63b9cc3b64de') in 0.001134 seconds 
========================================================================
Received Import Request.
  Time since last request: 52.310549 seconds.
  path: Assets/New Material.mat
  artifactKey: Guid(095139256b6fb4cae80a8906f5c66e39) Importer(815301076,1909f56bfc062723c751e8b465ee728b)
Start importing Assets/New Material.mat using Guid(095139256b6fb4cae80a8906f5c66e39) Importer(815301076,1909f56bfc062723c751e8b465ee728b)  -> (artifact id: '2a1d9694b27059a47f92a5d722ad0f28') in 0.244217 seconds 
========================================================================
Received Import Request.
  Time since last request: 1307.577587 seconds.
  path: Assets/TestShader.shader
  artifactKey: Guid(e13d75aac00d64da89903b7951adbcd8) Importer(815301076,1909f56bfc062723c751e8b465ee728b)
Start importing Assets/TestShader.shader using Guid(e13d75aac00d64da89903b7951adbcd8) Importer(815301076,1909f56bfc062723c751e8b465ee728b)  -> (artifact id: 'bae5a59fab9b384ac42ee7082f4bb0d6') in 0.005706 seconds 
========================================================================
Received Prepare
Registering precompiled user dll's ...
Registered in 0.000819 seconds.
Begin MonoManager ReloadAssembly
Native extension for WindowsStandalone target not found
Native extension for OSXStandalone target not found
Refreshing native plugins compatible for Editor in 0.28 ms, found 2 plugins.
Preloading 0 native plugins for Editor in 0.00 ms.
2022-06-12 13:28:20.818 Unity[32990:2029926] NSEventModifierFlagFunction specified to -setKeyEquivalentModifierMask: for item <NSMenuItem: 0x600001b4d570 Font Asset, ke='Command-F12'>, but is only supported for system-provided menu items; will not be used
Mono: successfully reloaded assembly
- Completed reload, in  1.911 seconds
Domain Reload Profiling:
	ReloadAssembly (1912ms)
		BeginReloadAssembly (185ms)
			ExecutionOrderSort (0ms)
			DisableScriptedObjects (26ms)
			BackupInstance (0ms)
			ReleaseScriptingObjects (0ms)
			CreateAndSetChildDomain (58ms)
		EndReloadAssembly (1644ms)
			LoadAssemblies (168ms)
			RebuildTransferFunctionScriptingTraits (0ms)
			SetupTypeCache (272ms)
			ReleaseScriptCaches (1ms)
			RebuildScriptCaches (42ms)
			SetupLoadedEditorAssemblies (916ms)
				LogAssemblyErrors (0ms)
				InitializePlatformSupportModulesInManaged (14ms)
				SetLoadedEditorAssemblies (1ms)
				RefreshPlugins (0ms)
				BeforeProcessingInitializeOnLoad (218ms)
				ProcessInitializeOnLoadAttributes (656ms)
				ProcessInitializeOnLoadMethodAttributes (26ms)
				AfterProcessingInitializeOnLoad (1ms)
				EditorAssembliesLoaded (0ms)
			ExecutionOrderSort2 (0ms)
			AwakeInstancesAfterBackupRestoration (31ms)
Platform modules already initialized, skipping
Refreshing native plugins compatible for Editor in 0.22 ms, found 2 plugins.
Preloading 0 native plugins for Editor in 0.00 ms.
Unloading 1497 Unused Serialized files (Serialized files now loaded: 0)
System memory in use before: 217.0 MB.
System memory in use after: 217.0 MB.

Unloading 13 unused Assets to reduce memory usage. Loaded Objects now: 2020.
Total: 2.012333 ms (FindLiveObjects: 0.064708 ms CreateObjectMapping: 0.028459 ms MarkObjects: 1.802875 ms  DeleteObjects: 0.115667 ms)

AssetImportParameters requested are different than current active one (requested -> active):
  custom:video-decoder-ogg-theora: a1e56fd34408186e4bbccfd4996cb3dc -> 
  custom:container-muxer-webm: aa71ff27fc2769a1b78a27578f13a17b -> 
  custom:container-demuxer-webm: 4f35f7cbe854078d1ac9338744f61a02 -> 
  custom:container-demuxer-ogg: 62fdf1f143b41e24485cea50d1cbac27 -> 
  custom:video-encoder-webm-vp8: eb34c28f22e8b96e1ab97ce403110664 -> 
  custom:framework-osx-AVFoundation: e770b220cccbd017edd2c1fefb359320 -> 
  custom:video-decoder-webm-vp8: 9c59270c3fd7afecdb556c50c9e8de78 -> 
  custom:audio-decoder-ogg-vorbis: bf7c407c2cedff20999df2af8eb42d56 -> 
  custom:audio-encoder-webm-vorbis: bf7c407c2cedff20999df2af8eb42d56 -> 
========================================================================
Received Import Request.
  Time since last request: 1374.568958 seconds.
  path: Assets/TestShader.shader
  artifactKey: Guid(e13d75aac00d64da89903b7951adbcd8) Importer(815301076,1909f56bfc062723c751e8b465ee728b)
Start importing Assets/TestShader.shader using Guid(e13d75aac00d64da89903b7951adbcd8) Importer(815301076,1909f56bfc062723c751e8b465ee728b)  -> (artifact id: '927a3f3582091036ca1a9c89d08dba52') in 0.022704 seconds 
========================================================================
Received Import Request.
  Time since last request: 209.310162 seconds.
  path: Assets/NewSurfaceShader.shader
  artifactKey: Guid(3ff8b084d6ed3449abcbda56646acd30) Importer(815301076,1909f56bfc062723c751e8b465ee728b)
Start importing Assets/NewSurfaceShader.shader using Guid(3ff8b084d6ed3449abcbda56646acd30) Importer(815301076,1909f56bfc062723c751e8b465ee728b)  -> (artifact id: 'a6cccac3e85b7c4d6105e0f8ebcbee3b') in 0.003519 seconds 
========================================================================
Received Import Request.
  Time since last request: 92.917402 seconds.
  path: Assets/NewSurfaceShader.shader
  artifactKey: Guid(3ff8b084d6ed3449abcbda56646acd30) Importer(815301076,1909f56bfc062723c751e8b465ee728b)
Start importing Assets/NewSurfaceShader.shader using Guid(3ff8b084d6ed3449abcbda56646acd30) Importer(815301076,1909f56bfc062723c751e8b465ee728b)  -> (artifact id: '449293c1a131c0c83607593997e7b4e0') in 0.002864 seconds 
========================================================================
Received Import Request.
  Time since last request: 4.214561 seconds.
  path: Assets/NewSurfaceShader.shader
  artifactKey: Guid(3ff8b084d6ed3449abcbda56646acd30) Importer(815301076,1909f56bfc062723c751e8b465ee728b)
Start importing Assets/NewSurfaceShader.shader using Guid(3ff8b084d6ed3449abcbda56646acd30) Importer(815301076,1909f56bfc062723c751e8b465ee728b)  -> (artifact id: '9a7816784ce9eee52492cf00d1e85612') in 0.002898 seconds 
========================================================================
Received Import Request.
  Time since last request: 9.371009 seconds.
  path: Assets/TestShader.shader
  artifactKey: Guid(e13d75aac00d64da89903b7951adbcd8) Importer(815301076,1909f56bfc062723c751e8b465ee728b)
Start importing Assets/TestShader.shader using Guid(e13d75aac00d64da89903b7951adbcd8) Importer(815301076,1909f56bfc062723c751e8b465ee728b)  -> (artifact id: '39398df1d544c8b3b6de8579448c60c7') in 0.004310 seconds 
========================================================================
Received Import Request.
  Time since last request: 443.457145 seconds.
  path: Assets/Scenes
  artifactKey: Guid(c8a1f97c3cf044035ac4d84c9ac063da) Importer(815301076,1909f56bfc062723c751e8b465ee728b)
Start importing Assets/Scenes using Guid(c8a1f97c3cf044035ac4d84c9ac063da) Importer(815301076,1909f56bfc062723c751e8b465ee728b)  -> (artifact id: '8c63144bac041a21191697e3bce55ac0') in 0.001155 seconds 
========================================================================
Received Import Request.
  Time since last request: 12.663358 seconds.
  path: Assets/TestStencil.shader
  artifactKey: Guid(931e7b4a4fe964b06b38d8ffaebb8ab0) Importer(815301076,1909f56bfc062723c751e8b465ee728b)
Start importing Assets/TestStencil.shader using Guid(931e7b4a4fe964b06b38d8ffaebb8ab0) Importer(815301076,1909f56bfc062723c751e8b465ee728b)  -> (artifact id: '6be835dd85379d80b3866d059be009b4') in 0.003163 seconds 
========================================================================
Received Import Request.
  Time since last request: 186.337959 seconds.
  path: Assets/TestStencil.shader
  artifactKey: Guid(931e7b4a4fe964b06b38d8ffaebb8ab0) Importer(815301076,1909f56bfc062723c751e8b465ee728b)
Start importing Assets/TestStencil.shader using Guid(931e7b4a4fe964b06b38d8ffaebb8ab0) Importer(815301076,1909f56bfc062723c751e8b465ee728b)  -> (artifact id: 'be76f3141e8a18865c1bc77e4aeb9323') in 0.001494 seconds 
========================================================================
Received Import Request.
  Time since last request: 46.298053 seconds.
  path: Assets/TestStencil.shader
  artifactKey: Guid(931e7b4a4fe964b06b38d8ffaebb8ab0) Importer(815301076,1909f56bfc062723c751e8b465ee728b)
Start importing Assets/TestStencil.shader using Guid(931e7b4a4fe964b06b38d8ffaebb8ab0) Importer(815301076,1909f56bfc062723c751e8b465ee728b)  -> (artifact id: '86960e014e6bed2585d419a536ea9f8a') in 0.001681 seconds 
========================================================================
Received Import Request.
  Time since last request: 14.563330 seconds.
  path: Assets/Mat_Stencil.mat
  artifactKey: Guid(f390db1bc55d94156accf0dcea19b16e) Importer(815301076,1909f56bfc062723c751e8b465ee728b)
Start importing Assets/Mat_Stencil.mat using Guid(f390db1bc55d94156accf0dcea19b16e) Importer(815301076,1909f56bfc062723c751e8b465ee728b)  -> (artifact id: 'a7a63350b3f6dd19bebd8b80bfa3517a') in 0.124897 seconds 
========================================================================
Received Import Request.
  Time since last request: 272.776533 seconds.
  path: Assets/Mat_Stencil.mat
  artifactKey: Guid(f390db1bc55d94156accf0dcea19b16e) Importer(815301076,1909f56bfc062723c751e8b465ee728b)
Start importing Assets/Mat_Stencil.mat using Guid(f390db1bc55d94156accf0dcea19b16e) Importer(815301076,1909f56bfc062723c751e8b465ee728b)  -> (artifact id: 'f3ff274c00b0c45b8c90be6aaaa4a266') in 0.039435 seconds 
========================================================================
Received Import Request.
  Time since last request: 65.396300 seconds.
  path: ProjectSettings/TagManager.asset
  artifactKey: Guid(00000000000000003000000000000000) Importer(815301076,1909f56bfc062723c751e8b465ee728b)
Start importing ProjectSettings/TagManager.asset using Guid(00000000000000003000000000000000) Importer(815301076,1909f56bfc062723c751e8b465ee728b)  -> (artifact id: 'ce6a35c3cddc746e7501c0bd0ed6d4ce') in 0.312253 seconds 
========================================================================
Received Import Request.
  Time since last request: 44.957420 seconds.
  path: Assets/Mat_Stencil 1.mat
  artifactKey: Guid(cfe785072ba0048d09fe317644497ba4) Importer(815301076,1909f56bfc062723c751e8b465ee728b)
Start importing Assets/Mat_Stencil 1.mat using Guid(cfe785072ba0048d09fe317644497ba4) Importer(815301076,1909f56bfc062723c751e8b465ee728b)  -> (artifact id: 'fea7c811980c34dd7e9bbf9ace77df5d') in 0.009418 seconds 
========================================================================
Received Import Request.
  Time since last request: 6.341977 seconds.
  path: Assets/Mat_Stencil 2.mat
  artifactKey: Guid(cfe785072ba0048d09fe317644497ba4) Importer(815301076,1909f56bfc062723c751e8b465ee728b)
Start importing Assets/Mat_Stencil 2.mat using Guid(cfe785072ba0048d09fe317644497ba4) Importer(815301076,1909f56bfc062723c751e8b465ee728b)  -> (artifact id: '04e3ccbdf956925e1bd9a54d602aa6b3') in 0.009050 seconds 
========================================================================
Received Import Request.
  Time since last request: 2.602492 seconds.
  path: Assets/Mat_Stencil 1.mat
  artifactKey: Guid(f390db1bc55d94156accf0dcea19b16e) Importer(815301076,1909f56bfc062723c751e8b465ee728b)
Start importing Assets/Mat_Stencil 1.mat using Guid(f390db1bc55d94156accf0dcea19b16e) Importer(815301076,1909f56bfc062723c751e8b465ee728b)  -> (artifact id: 'd97113a14e02e4956072eab307a0c1b1') in 0.009336 seconds 
========================================================================
Received Import Request.
  Time since last request: 86.956419 seconds.
  path: Assets/스크린샷 2022-06-12 오후 1.52.58.png
  artifactKey: Guid(1ddbeb4f09b814261a2dc65c32f2fb6c) Importer(815301076,1909f56bfc062723c751e8b465ee728b)
Start importing Assets/스크린샷 2022-06-12 오후 1.52.58.png using Guid(1ddbeb4f09b814261a2dc65c32f2fb6c) Importer(815301076,1909f56bfc062723c751e8b465ee728b)  -> (artifact id: '44656df472940fea5cc89629095f40d8') in 0.087931 seconds 
========================================================================
Received Import Request.
  Time since last request: 0.000177 seconds.
  path: Assets/스크린샷 2022-06-12 오후 1.53.08.png
  artifactKey: Guid(f1b515418f1a9421b849e73b6f16ed6e) Importer(815301076,1909f56bfc062723c751e8b465ee728b)
Start importing Assets/스크린샷 2022-06-12 오후 1.53.08.png using Guid(f1b515418f1a9421b849e73b6f16ed6e) Importer(815301076,1909f56bfc062723c751e8b465ee728b)  -> (artifact id: 'c9e86c41931f553ab00a57aea4458957') in 0.006384 seconds 
========================================================================
Received Import Request.
  Time since last request: 23.172747 seconds.
  path: Assets/스크린샷 2022-06-12 오후 1.52.58.png
  artifactKey: Guid(1ddbeb4f09b814261a2dc65c32f2fb6c) Importer(815301076,1909f56bfc062723c751e8b465ee728b)
Start importing Assets/스크린샷 2022-06-12 오후 1.52.58.png using Guid(1ddbeb4f09b814261a2dc65c32f2fb6c) Importer(815301076,1909f56bfc062723c751e8b465ee728b)  -> (artifact id: '0c93490c94605e87422efb753d40781e') in 0.043811 seconds 
========================================================================
Received Import Request.
  Time since last request: 0.000195 seconds.
  path: Assets/스크린샷 2022-06-12 오후 1.53.08.png
  artifactKey: Guid(f1b515418f1a9421b849e73b6f16ed6e) Importer(815301076,1909f56bfc062723c751e8b465ee728b)
Start importing Assets/스크린샷 2022-06-12 오후 1.53.08.png using Guid(f1b515418f1a9421b849e73b6f16ed6e) Importer(815301076,1909f56bfc062723c751e8b465ee728b)  -> (artifact id: '643d3c5ee698c39864f67643704bf3ef') in 0.012259 seconds 
========================================================================
Received Import Request.
  Time since last request: 820.571430 seconds.
  path: Assets/TestStencil.shader
  artifactKey: Guid(931e7b4a4fe964b06b38d8ffaebb8ab0) Importer(815301076,1909f56bfc062723c751e8b465ee728b)
Start importing Assets/TestStencil.shader using Guid(931e7b4a4fe964b06b38d8ffaebb8ab0) Importer(815301076,1909f56bfc062723c751e8b465ee728b)  -> (artifact id: 'a65129c6a05e5f3209378caccbfa2a73') in 0.003701 seconds 
========================================================================
Received Import Request.
  Time since last request: 22.824806 seconds.
  path: Assets/Silhouette.shader
  artifactKey: Guid(931e7b4a4fe964b06b38d8ffaebb8ab0) Importer(815301076,1909f56bfc062723c751e8b465ee728b)
Start importing Assets/Silhouette.shader using Guid(931e7b4a4fe964b06b38d8ffaebb8ab0) Importer(815301076,1909f56bfc062723c751e8b465ee728b)  -> (artifact id: '19c08281c473d525e7e8b06e40b291a5') in 0.002916 seconds 
========================================================================
Received Prepare
Registering precompiled user dll's ...
Registered in 0.001286 seconds.
Begin MonoManager ReloadAssembly
Native extension for WindowsStandalone target not found
Native extension for OSXStandalone target not found
Refreshing native plugins compatible for Editor in 0.29 ms, found 2 plugins.
Preloading 0 native plugins for Editor in 0.00 ms.
2022-06-12 14:11:29.347 Unity[32990:2029926] NSEventModifierFlagFunction specified to -setKeyEquivalentModifierMask: for item <NSMenuItem: 0x600001b4d7a0 Font Asset, ke='Command-F12'>, but is only supported for system-provided menu items; will not be used
Mono: successfully reloaded assembly
- Completed reload, in  1.963 seconds
Domain Reload Profiling:
	ReloadAssembly (1964ms)
		BeginReloadAssembly (181ms)
			ExecutionOrderSort (0ms)
			DisableScriptedObjects (26ms)
			BackupInstance (0ms)
			ReleaseScriptingObjects (0ms)
			CreateAndSetChildDomain (55ms)
		EndReloadAssembly (1698ms)
			LoadAssemblies (176ms)
			RebuildTransferFunctionScriptingTraits (0ms)
			SetupTypeCache (277ms)
			ReleaseScriptCaches (1ms)
			RebuildScriptCaches (42ms)
			SetupLoadedEditorAssemblies (954ms)
				LogAssemblyErrors (0ms)
				InitializePlatformSupportModulesInManaged (14ms)
				SetLoadedEditorAssemblies (1ms)
				RefreshPlugins (0ms)
				BeforeProcessingInitializeOnLoad (221ms)
				ProcessInitializeOnLoadAttributes (689ms)
				ProcessInitializeOnLoadMethodAttributes (28ms)
				AfterProcessingInitializeOnLoad (1ms)
				EditorAssembliesLoaded (0ms)
			ExecutionOrderSort2 (0ms)
			AwakeInstancesAfterBackupRestoration (31ms)
Platform modules already initialized, skipping
Refreshing native plugins compatible for Editor in 0.23 ms, found 2 plugins.
Preloading 0 native plugins for Editor in 0.00 ms.
Unloading 1497 Unused Serialized files (Serialized files now loaded: 0)
System memory in use before: 225.9 MB.
System memory in use after: 225.5 MB.

Unloading 13 unused Assets to reduce memory usage. Loaded Objects now: 2027.
Total: 2.184833 ms (FindLiveObjects: 0.066541 ms CreateObjectMapping: 0.028000 ms MarkObjects: 1.758958 ms  DeleteObjects: 0.330666 ms)

AssetImportParameters requested are different than current active one (requested -> active):
  custom:video-decoder-ogg-theora: a1e56fd34408186e4bbccfd4996cb3dc -> 
  custom:container-muxer-webm: aa71ff27fc2769a1b78a27578f13a17b -> 
  custom:container-demuxer-webm: 4f35f7cbe854078d1ac9338744f61a02 -> 
  custom:container-demuxer-ogg: 62fdf1f143b41e24485cea50d1cbac27 -> 
  custom:video-encoder-webm-vp8: eb34c28f22e8b96e1ab97ce403110664 -> 
  custom:framework-osx-AVFoundation: e770b220cccbd017edd2c1fefb359320 -> 
  custom:video-decoder-webm-vp8: 9c59270c3fd7afecdb556c50c9e8de78 -> 
  custom:audio-decoder-ogg-vorbis: bf7c407c2cedff20999df2af8eb42d56 -> 
  custom:audio-encoder-webm-vorbis: bf7c407c2cedff20999df2af8eb42d56 -> 
========================================================================
Received Import Request.
  Time since last request: 197.063981 seconds.
  path: Assets/Silhouette.shader
  artifactKey: Guid(931e7b4a4fe964b06b38d8ffaebb8ab0) Importer(815301076,1909f56bfc062723c751e8b465ee728b)
Start importing Assets/Silhouette.shader using Guid(931e7b4a4fe964b06b38d8ffaebb8ab0) Importer(815301076,1909f56bfc062723c751e8b465ee728b)  -> (artifact id: '4bb891630ef176cbd8a0f0b158d0d750') in 0.019428 seconds 
========================================================================
Received Import Request.
  Time since last request: 42.379432 seconds.
  path: Assets/SilhouetShader.mat
  artifactKey: Guid(d673603e1190a4aaa8b29cc5bbd7211f) Importer(815301076,1909f56bfc062723c751e8b465ee728b)
Start importing Assets/SilhouetShader.mat using Guid(d673603e1190a4aaa8b29cc5bbd7211f) Importer(815301076,1909f56bfc062723c751e8b465ee728b)  -> (artifact id: '4ee7e659618395dbb05ec68ddcf9bf8c') in 0.128997 seconds 
========================================================================
Received Import Request.
  Time since last request: 158.492894 seconds.
  path: Assets/Silhouette.shader
  artifactKey: Guid(931e7b4a4fe964b06b38d8ffaebb8ab0) Importer(815301076,1909f56bfc062723c751e8b465ee728b)
Start importing Assets/Silhouette.shader using Guid(931e7b4a4fe964b06b38d8ffaebb8ab0) Importer(815301076,1909f56bfc062723c751e8b465ee728b)  -> (artifact id: 'f58ac967930f4f51cb81b11857ffbac0') in 0.004980 seconds 
========================================================================
Received Import Request.
  Time since last request: 0.802963 seconds.
  path: Assets/SilhouetShader.mat
  artifactKey: Guid(d673603e1190a4aaa8b29cc5bbd7211f) Importer(815301076,1909f56bfc062723c751e8b465ee728b)
Start importing Assets/SilhouetShader.mat using Guid(d673603e1190a4aaa8b29cc5bbd7211f) Importer(815301076,1909f56bfc062723c751e8b465ee728b)  -> (artifact id: 'fe00006ce42e4e018d8132dcdc87aa0c') in 0.078233 seconds 
========================================================================
Received Prepare
Registering precompiled user dll's ...
Registered in 0.002339 seconds.
Begin MonoManager ReloadAssembly
Native extension for WindowsStandalone target not found
Native extension for OSXStandalone target not found
Refreshing native plugins compatible for Editor in 0.30 ms, found 2 plugins.
Preloading 0 native plugins for Editor in 0.00 ms.
2022-06-12 14:15:49.937 Unity[32990:2029926] NSEventModifierFlagFunction specified to -setKeyEquivalentModifierMask: for item <NSMenuItem: 0x600001b18c40 Font Asset, ke='Command-F12'>, but is only supported for system-provided menu items; will not be used
Mono: successfully reloaded assembly
- Completed reload, in  2.009 seconds
Domain Reload Profiling:
	ReloadAssembly (2009ms)
		BeginReloadAssembly (201ms)
			ExecutionOrderSort (0ms)
			DisableScriptedObjects (28ms)
			BackupInstance (0ms)
			ReleaseScriptingObjects (0ms)
			CreateAndSetChildDomain (53ms)
		EndReloadAssembly (1716ms)
			LoadAssemblies (207ms)
			RebuildTransferFunctionScriptingTraits (0ms)
			SetupTypeCache (276ms)
			ReleaseScriptCaches (1ms)
			RebuildScriptCaches (44ms)
			SetupLoadedEditorAssemblies (953ms)
				LogAssemblyErrors (0ms)
				InitializePlatformSupportModulesInManaged (14ms)
				SetLoadedEditorAssemblies (1ms)
				RefreshPlugins (0ms)
				BeforeProcessingInitializeOnLoad (220ms)
				ProcessInitializeOnLoadAttributes (688ms)
				ProcessInitializeOnLoadMethodAttributes (28ms)
				AfterProcessingInitializeOnLoad (1ms)
				EditorAssembliesLoaded (0ms)
			ExecutionOrderSort2 (0ms)
			AwakeInstancesAfterBackupRestoration (32ms)
Platform modules already initialized, skipping
Refreshing native plugins compatible for Editor in 0.25 ms, found 2 plugins.
Preloading 0 native plugins for Editor in 0.00 ms.
Unloading 1497 Unused Serialized files (Serialized files now loaded: 0)
System memory in use before: 226.2 MB.
System memory in use after: 226.3 MB.

Unloading 11 unused Assets to reduce memory usage. Loaded Objects now: 2031.
Total: 1.857791 ms (FindLiveObjects: 0.062958 ms CreateObjectMapping: 0.029167 ms MarkObjects: 1.750416 ms  DeleteObjects: 0.014584 ms)

AssetImportParameters requested are different than current active one (requested -> active):
  custom:video-decoder-ogg-theora: a1e56fd34408186e4bbccfd4996cb3dc -> 
  custom:container-muxer-webm: aa71ff27fc2769a1b78a27578f13a17b -> 
  custom:container-demuxer-webm: 4f35f7cbe854078d1ac9338744f61a02 -> 
  custom:container-demuxer-ogg: 62fdf1f143b41e24485cea50d1cbac27 -> 
  custom:video-encoder-webm-vp8: eb34c28f22e8b96e1ab97ce403110664 -> 
  custom:framework-osx-AVFoundation: e770b220cccbd017edd2c1fefb359320 -> 
  custom:video-decoder-webm-vp8: 9c59270c3fd7afecdb556c50c9e8de78 -> 
  custom:audio-decoder-ogg-vorbis: bf7c407c2cedff20999df2af8eb42d56 -> 
  custom:audio-encoder-webm-vorbis: bf7c407c2cedff20999df2af8eb42d56 -> 
========================================================================
Received Import Request.
  Time since last request: 211.829007 seconds.
  path: Assets/Silhouette.mat
  artifactKey: Guid(d673603e1190a4aaa8b29cc5bbd7211f) Importer(815301076,1909f56bfc062723c751e8b465ee728b)
Start importing Assets/Silhouette.mat using Guid(d673603e1190a4aaa8b29cc5bbd7211f) Importer(815301076,1909f56bfc062723c751e8b465ee728b)  -> (artifact id: 'e516149e85623eb1fedb0dd1e493ffc1') in 0.146546 seconds 
========================================================================
Received Import Request.
  Time since last request: 17.198166 seconds.
  path: Assets/SilhouetteMat.mat
  artifactKey: Guid(d673603e1190a4aaa8b29cc5bbd7211f) Importer(815301076,1909f56bfc062723c751e8b465ee728b)
Start importing Assets/SilhouetteMat.mat using Guid(d673603e1190a4aaa8b29cc5bbd7211f) Importer(815301076,1909f56bfc062723c751e8b465ee728b)  -> (artifact id: '6ec4e560f4db3533eec7ca9e0c116da0') in 0.013212 seconds 
========================================================================
Received Import Request.
  Time since last request: 7.085627 seconds.
  path: Assets/SilhouetteShader.shader
  artifactKey: Guid(931e7b4a4fe964b06b38d8ffaebb8ab0) Importer(815301076,1909f56bfc062723c751e8b465ee728b)
Start importing Assets/SilhouetteShader.shader using Guid(931e7b4a4fe964b06b38d8ffaebb8ab0) Importer(815301076,1909f56bfc062723c751e8b465ee728b)  -> (artifact id: '987f0635995a279d58e23bb379bc1b9d') in 0.001517 seconds 
